Build started 2015-05-19 오전 1:39:16.
     1>Project "E:\Projects\git_repo\SuspendThread\SuspendThread\SuspendThread\SuspendThread.vcxproj" on node 2 (Build target(s)).
     1>ClCompile:
         C:\Program Files (x86)\Microsoft Visual Studio 14.0\VC\bin\CL.exe /c /ZI /nologo /W3 /WX- /Od /Oy- /D WIN32 /D _DEBUG /D _CONSOLE /D _UNICODE /D UNICODE /Gm /EHsc /RTC1 /MDd /GS /fp:precise /Zc:wchar_t /Zc:forScope /Zc:inline /Fo"Debug\\" /Fd"Debug\vc140.pdb" /Gd /TP /analyze- /errorReport:prompt main.cpp
         main.cpp
     1>e:\projects\git_repo\suspendthread\suspendthread\suspendthread\suspendthread.hpp(29): error C2337: 'fut': attribute not found
         e:\projects\git_repo\suspendthread\suspendthread\suspendthread\main.cpp(8): note: see reference to function template instantiation 'SuspendThread::SuspendThread<main::<lambda_380b530b324058b12b3b95b6ff957dd6>,int,int>(FN_,int &&,int &&)' being compiled
                 with
                 [
                     FN_=main::<lambda_380b530b324058b12b3b95b6ff957dd6>
                 ]
     1>e:\projects\git_repo\suspendthread\suspendthread\suspendthread\suspendthread.hpp(29): error C2337: 'move': attribute not found
     1>e:\projects\git_repo\suspendthread\suspendthread\suspendthread\suspendthread.hpp(29): error C2337: 'func': attribute not found
     1>e:\projects\git_repo\suspendthread\suspendthread\suspendthread\suspendthread.hpp(29): error C2337: 'args': attribute not found
     1>e:\projects\git_repo\suspendthread\suspendthread\suspendthread\suspendthread.hpp(29): error C2143: syntax error: missing ']' before '...'
     1>e:\projects\git_repo\suspendthread\suspendthread\suspendthread\suspendthread.hpp(29): error C2143: syntax error: missing ')' before ']'
     1>e:\projects\git_repo\suspendthread\suspendthread\suspendthread\suspendthread.hpp(29): error C2143: syntax error: missing ';' before ']'
     1>e:\projects\git_repo\suspendthread\suspendthread\suspendthread\suspendthread.hpp(29): error C2059: syntax error: ']'
     1>e:\projects\git_repo\suspendthread\suspendthread\suspendthread\suspendthread.hpp(29): error C2143: syntax error: missing ';' before '{'
     1>e:\projects\git_repo\suspendthread\suspendthread\suspendthread\suspendthread.hpp(31): error C2065: 'fut': undeclared identifier
     1>e:\projects\git_repo\suspendthread\suspendthread\suspendthread\suspendthread.hpp(31): error C2228: left of '.wait' must have class/struct/union
         e:\projects\git_repo\suspendthread\suspendthread\suspendthread\suspendthread.hpp(31): note: type is 'unknown-type'
     1>e:\projects\git_repo\suspendthread\suspendthread\suspendthread\suspendthread.hpp(33): error C2059: syntax error: ')'
     1>e:\projects\git_repo\suspendthread\suspendthread\suspendthread\suspendthread.hpp(34): error C2664: 'void std::thread::swap(std::thread &) noexcept': cannot convert argument 1 from 'std::thread (__cdecl *)(...)' to 'std::thread &'
     1>Done Building Project "E:\Projects\git_repo\SuspendThread\SuspendThread\SuspendThread\SuspendThread.vcxproj" (Build target(s)) -- FAILED.

Build FAILED.

Time Elapsed 00:00:01.39
